  MyCamera.cpp
  OrthoCamera.cpp
  ThirdPersonCamera.cpp
  FirstPersonCamera.cpp
  DragForceGenerator.cpp
E:\VSC\Y2T3 PHYSX\PHYSX-Phase-1\P6\DragForceGenerator.h(9,14): warning C4305: 'initializing': truncation from 'double' to 'float'
  (compiling source file 'P6/DragForceGenerator.cpp')
  
E:\VSC\Y2T3 PHYSX\PHYSX-Phase-1\P6\DragForceGenerator.h(10,14): warning C4305: 'initializing': truncation from 'double' to 'float'
  (compiling source file 'P6/DragForceGenerator.cpp')
  
  GravityForceGenerator.cpp
  ForceRegistry.cpp
  ForceGenerator.cpp
  DirectionLight.cpp
E:\VSC\Y2T3 PHYSX\PHYSX-Phase-1\Light\DirectionLight.cpp(11,20): warning C4305: '=': truncation from 'double' to 'float'
  Light.cpp
  PointLight.cpp
  main.cpp
E:\VSC\Y2T3 PHYSX\PHYSX-Phase-1\P6\DragForceGenerator.h(9,14): warning C4305: 'initializing': truncation from 'double' to 'float'
  (compiling source file 'main.cpp')
  
E:\VSC\Y2T3 PHYSX\PHYSX-Phase-1\P6\DragForceGenerator.h(10,14): warning C4305: 'initializing': truncation from 'double' to 'float'
  (compiling source file 'main.cpp')
  
E:\VSC\Y2T3 PHYSX\PHYSX-Phase-1\main.cpp(100,45): warning C4305: '+=': truncation from 'double' to 'float'
E:\VSC\Y2T3 PHYSX\PHYSX-Phase-1\main.cpp(103,45): warning C4305: '-=': truncation from 'double' to 'float'
E:\VSC\Y2T3 PHYSX\PHYSX-Phase-1\main.cpp(106,44): warning C4305: '+=': truncation from 'double' to 'float'
E:\VSC\Y2T3 PHYSX\PHYSX-Phase-1\main.cpp(110,44): warning C4305: '-=': truncation from 'double' to 'float'
E:\VSC\Y2T3 PHYSX\PHYSX-Phase-1\main.cpp(143,35): warning C4244: 'argument': conversion from 'float' to 'int', possible loss of data
E:\VSC\Y2T3 PHYSX\PHYSX-Phase-1\main.cpp(143,28): warning C4244: 'argument': conversion from 'float' to 'int', possible loss of data
E:\VSC\Y2T3 PHYSX\PHYSX-Phase-1\main.cpp(207,26): warning C4244: 'argument': conversion from 'float' to 'GLsizei', possible loss of data
E:\VSC\Y2T3 PHYSX\PHYSX-Phase-1\main.cpp(207,19): warning C4244: 'argument': conversion from 'float' to 'GLsizei', possible loss of data
E:\VSC\Y2T3 PHYSX\PHYSX-Phase-1\main.cpp(229,17): warning C4244: 'argument': conversion from 'time_t' to 'unsigned int', possible loss of data
E:\VSC\Y2T3 PHYSX\PHYSX-Phase-1\main.cpp(235,40): warning C4244: '=': conversion from 'int' to 'float', possible loss of data
E:\VSC\Y2T3 PHYSX\PHYSX-Phase-1\main.cpp(238,102): warning C4244: 'argument': conversion from 'int' to 'const float', possible loss of data
E:\VSC\Y2T3 PHYSX\PHYSX-Phase-1\main.cpp(238,79): warning C4244: 'argument': conversion from 'int' to 'const float', possible loss of data
E:\VSC\Y2T3 PHYSX\PHYSX-Phase-1\main.cpp(238,42): warning C4244: 'argument': conversion from 'int' to 'const float', possible loss of data
E:\VSC\Y2T3 PHYSX\PHYSX-Phase-1\main.cpp(285,7): warning C4101: 'shaderCount': unreferenced local variable
  Model.cpp
E:\VSC\Y2T3 PHYSX\PHYSX-Phase-1\Object\Model.cpp(608,60): warning C4267: 'argument': conversion from 'size_t' to 'GLsizei', possible loss of data
  MyVector.cpp
  PhysicsWorld.cpp
E:\VSC\Y2T3 PHYSX\PHYSX-Phase-1\P6\PhysicsWorld.cpp(17,52): warning C4244: '=': conversion from 'double' to 'float', possible loss of data
E:\VSC\Y2T3 PHYSX\PHYSX-Phase-1\P6\PhysicsWorld.cpp(18,108): warning C4244: 'argument': conversion from 'int' to 'const float', possible loss of data
E:\VSC\Y2T3 PHYSX\PHYSX-Phase-1\P6\PhysicsWorld.cpp(18,84): warning C4244: 'argument': conversion from 'int' to 'const float', possible loss of data
E:\VSC\Y2T3 PHYSX\PHYSX-Phase-1\P6\PhysicsWorld.cpp(18,45): warning C4244: 'argument': conversion from 'int' to 'const float', possible loss of data
E:\VSC\Y2T3 PHYSX\PHYSX-Phase-1\P6\PhysicsWorld.cpp(20,39): warning C4244: '=': conversion from 'int' to 'float', possible loss of data
  Shader.cpp
  glad.c
  Generating code
  2453 of 2484 functions (98.8%) were compiled, the rest were copied from previous compilation.
    4 functions were new in current compilation
    2 functions had inline decision re-evaluated but remain unchanged
  Finished generating code
  GraphicsSetup.vcxproj -> E:\VSC\Y2T3 PHYSX\PHYSX-Phase-1\x64\Release\GraphicsSetup.exe
